#
# There is insufficient memory for the Java Runtime Environment to continue.
# Native memory allocation (mmap) failed to map 134217728 bytes for Failed to commit area from 0x0000000081c00000 to 0x0000000089c00000 of length 134217728.
# Possible reasons:
#   The system is out of physical RAM or swap space
#   The process is running with CompressedOops enabled, and the Java Heap may be blocking the growth of the native heap
# Possible solutions:
#   Reduce memory load on the system
#   Increase physical memory or swap space
#   Check if swap backing store is full
#   Decrease Java heap size (-Xmx/-Xms)
#   Decrease number of Java threads
#   Decrease Java thread stack sizes (-Xss)
#   Set larger code cache with -XX:ReservedCodeCacheSize=
# This output file may be truncated or incomplete.
#
#  Out of Memory Error (./src/hotspot/os/windows/os_windows.cpp:3303), pid=19684, tid=17916
#
# JRE version:  (11.0.8+10) (build )
# Java VM: OpenJDK 64-Bit Server VM (11.0.8+10-b944.6842174, mixed mode, sharing, tiered, compressed oops, g1 gc, windows-amd64)
# No core dump will be written. Minidumps are not enabled by default on client versions of Windows
#

---------------  S U M M A R Y ------------

Command Line: org.jetbrains.kotlin.cli.jvm.K2JVMCompiler @D:\Android2\SlideMenuDialog\app\build\20220330_14334974192998945525.compiler.options

Host: Intel(R) Core(TM) i7-8550U CPU @ 1.80GHz, 8 cores, 7G,  Windows 10 , 64 bit Build 18362 (10.0.18362.2037)
Time: Wed Mar 30 14:28:44 2022 ?D1¨²¡À¨º¡Á?¨º¡À?? elapsed time: 0 seconds (0d 0h 0m 0s)

---------------  T H R E A D  ---------------

Current thread (0x000001f64eb3f800):  JavaThread "Unknown thread" [_thread_in_vm, id=17916, stack(0x000000a5f6f00000,0x000000a5f7000000)]

Stack: [0x000000a5f6f00000,0x000000a5f7000000]
Native frames: (J=compiled Java code, j=interpreted, Vv=VM code, C=native code)
V  [jvm.dll+0x5de50a]
V  [jvm.dll+0x7122f5]
V  [jvm.dll+0x71384d]
V  [jvm.dll+0x713f03]
V  [jvm.dll+0x23e728]
V  [jvm.dll+0x5db9a4]
V  [jvm.dll+0x5d0ae5]
V  [jvm.dll+0x2fb20b]
V  [jvm.dll+0x2fb17a]
V  [jvm.dll+0x2fb052]
V  [jvm.dll+0x2fff16]
V  [jvm.dll+0x348743]
V  [jvm.dll+0x348e46]
V  [jvm.dll+0x348843]
V  [jvm.dll+0x2d5d68]
V  [jvm.dll+0x2d6f07]
V  [jvm.dll+0x6f11f7]
V  [jvm.dll+0x6f29ec]
V  [jvm.dll+0x355cb9]
V  [jvm.dll+0x6d4ade]
V  [jvm.dll+0x3bdfe3]
V  [jvm.dll+0x3c0201]
C  [jli.dll+0x5373]
C  [ucrtbase.dll+0x210b2]
C  [KERNEL32.DLL+0x17c24]
C  [ntdll.dll+0x6d721]


---------------  P R O C E S S  ---------------

Threads class SMR info:
_java_thread_list=0x000001f64c958690, length=0, elements={
}

Java Threads: ( => current thread )

Other Threads:
  0x000001f64eb57000 GCTaskThread "GC Thread#0" [stack: 0x000000a5f7000000,0x000000a5f7100000] [id=19328]
  0x000001f64eb86000 ConcurrentGCThread "G1 Main Marker" [stack: 0x000000a5f7100000,0x000000a5f7200000] [id=11096]
  0x000001f64eb87000 ConcurrentGCThread "G1 Conc#0" [stack: 0x000000a5f7200000,0x000000a5f7300000] [id=4880]

[error occurred during error reporting (printing all threads), id 0xc0000005, EXCEPTION_ACCESS_VIOLATION (0xc0000005) at pc=0x00007ff908dc6357]

VM state:not at safepoint (not fully initialized)

VM Mutex/Monitor currently owned by a thread:  ([mutex/lock_event])
[0x000001f64eb3b4d0] Heap_lock - owner thread: 0x000001f64eb3f800

Heap address: 0x0000000081c00000, size: 2020 MB, Compressed Oops mode: Non-zero based: 0x0000000081c00000
Narrow klass base: 0x0000000000000000, Narrow klass shift: 0

GC Heap History (0 events):
No events

Deoptimization events (0 events):
No events

Classes redefined (0 events):
No events

Internal exceptions (0 events):
No events

Events (1 events):
Event: 0.009 Loaded shared library C:\Program Files\Android\Android Studio\jre\bin\zip.dll


Dynamic libraries:
0x00007ff7bd860000 - 0x00007ff7bd86a000 	C:\Program Files\Android\Android Studio\jre\bin\java.exe
0x00007ff95a1e0000 - 0x00007ff95a3d0000 	C:\WINDOWS\SYSTEM32\ntdll.dll
0x00007ff958340000 - 0x00007ff9583f3000 	C:\WINDOWS\System32\KERNEL32.DLL
0x00007ff957960000 - 0x00007ff957c05000 	C:\WINDOWS\System32\KERNELBASE.dll
0x00007ff957cc0000 - 0x00007ff957dba000 	C:\WINDOWS\System32\ucrtbase.dll
0x00007ff951520000 - 0x00007ff951539000 	C:\Program Files\Android\Android Studio\jre\bin\jli.dll
0x00007ff951400000 - 0x00007ff951417000 	C:\Program Files\Android\Android Studio\jre\bin\VCRUNTIME140.dll
0x00007ff95a000000 - 0x00007ff95a194000 	C:\WINDOWS\System32\USER32.dll
0x00007ff958170000 - 0x00007ff958191000 	C:\WINDOWS\System32\win32u.dll
0x00007ff958280000 - 0x00007ff9582a6000 	C:\WINDOWS\System32\GDI32.dll
0x00007ff94c5b0000 - 0x00007ff94c834000 	C:\WINDOWS\WinSxS\amd64_microsoft.windows.common-controls_6595b64144ccf1df_6.0.18362.2037_none_9e7c226de460245a\COMCTL32.dll
0x00007ff957fd0000 - 0x00007ff958168000 	C:\WINDOWS\System32\gdi32full.dll
0x00007ff959740000 - 0x00007ff9597de000 	C:\WINDOWS\System32\msvcrt.dll
0x00007ff957f10000 - 0x00007ff957fae000 	C:\WINDOWS\System32\msvcp_win.dll
0x00007ff959c60000 - 0x00007ff959f96000 	C:\WINDOWS\System32\combase.dll
0x00007ff958e20000 - 0x00007ff958f3b000 	C:\WINDOWS\System32\RPCRT4.dll
0x00007ff9578d0000 - 0x00007ff957954000 	C:\WINDOWS\System32\bcryptPrimitives.dll
0x00007ff958890000 - 0x00007ff9588be000 	C:\WINDOWS\System32\IMM32.DLL
0x00007ff946f40000 - 0x00007ff946fdd000 	C:\Program Files\Android\Android Studio\jre\bin\msvcp140.dll
0x00007ff908ae0000 - 0x00007ff90959c000 	C:\Program Files\Android\Android Studio\jre\bin\server\jvm.dll
0x00007ff958a70000 - 0x00007ff958b15000 	C:\WINDOWS\System32\ADVAPI32.dll
0x00007ff959940000 - 0x00007ff9599d8000 	C:\WINDOWS\System32\sechost.dll
0x00007ff958cc0000 - 0x00007ff958cc8000 	C:\WINDOWS\System32\PSAPI.DLL
0x00007ff950fb0000 - 0x00007ff950fba000 	C:\WINDOWS\SYSTEM32\VERSION.dll
0x00007ff955b90000 - 0x00007ff955b99000 	C:\WINDOWS\SYSTEM32\WSOCK32.dll
0x00007ff954d30000 - 0x00007ff954d54000 	C:\WINDOWS\SYSTEM32\WINMM.dll
0x00007ff959bf0000 - 0x00007ff959c5f000 	C:\WINDOWS\System32\WS2_32.dll
0x00007ff954c00000 - 0x00007ff954c2d000 	C:\WINDOWS\SYSTEM32\winmmbase.dll
0x00007ff957c70000 - 0x00007ff957cba000 	C:\WINDOWS\System32\cfgmgr32.dll
0x00007ff9570a0000 - 0x00007ff9570b1000 	C:\WINDOWS\System32\kernel.appcore.dll
0x00007ff952450000 - 0x00007ff952461000 	C:\Program Files\Android\Android Studio\jre\bin\verify.dll
0x00007ff941e70000 - 0x00007ff942064000 	C:\WINDOWS\SYSTEM32\DBGHELP.DLL
0x00007ff941d10000 - 0x00007ff941d3a000 	C:\WINDOWS\SYSTEM32\dbgcore.DLL
0x00007ff952050000 - 0x00007ff952079000 	C:\Program Files\Android\Android Studio\jre\bin\java.dll
0x00007ff952440000 - 0x00007ff95244b000 	C:\Program Files\Android\Android Studio\jre\bin\jimage.dll
0x00007ff9517c0000 - 0x00007ff9517d8000 	C:\Program Files\Android\Android Studio\jre\bin\zip.dll

dbghelp: loaded successfully - version: 4.0.5 - missing functions: none
symbol engine: initialized successfully - sym options: 0x614 - pdb path: .;C:\Program Files\Android\Android Studio\jre\bin;C:\WINDOWS\SYSTEM32;C:\WINDOWS\WinSxS\amd64_microsoft.windows.common-controls_6595b64144ccf1df_6.0.18362.2037_none_9e7c226de460245a;C:\Program Files\Android\Android Studio\jre\bin\server

VM Arguments:
java_command: org.jetbrains.kotlin.cli.jvm.K2JVMCompiler @D:\Android2\SlideMenuDialog\app\build\20220330_14334974192998945525.compiler.options
java_class_path (initial): C:\Users\Administrator\.gradle\wrapper\dists\gradle-6.7.1-all\caches\modules-2\files-2.1\org.jetbrains.kotlin\kotlin-compiler-embeddable\1.5.10\9c35134a025cab7a1e6eee0d87d241c2f30c1218\kotlin-compiler-embeddable-1.5.10.jar;C:\Users\Administrator\.gradle\wrapper\dists\gradle-6.7.1-all\caches\modules-2\files-2.1\org.jetbrains.kotlin\kotlin-reflect\1.5.10\d6c70f3c0df2457ea0095c61c1fc1188017dc3bc\kotlin-reflect-1.5.10.jar;C:\Users\Administrator\.gradle\wrapper\dists\gradle-6.7.1-all\caches\modules-2\files-2.1\org.jetbrains.kotlin\kotlin-stdlib\1.5.10\da6a904b132f0402fa4d79169a3c1770598d4702\kotlin-stdlib-1.5.10.jar;C:\Users\Administrator\.gradle\wrapper\dists\gradle-6.7.1-all\caches\modules-2\files-2.1\org.jetbrains.kotlin\kotlin-script-runtime\1.5.10\69bad0ece91b0797055aeadbd44dc742c458398b\kotlin-script-runtime-1.5.10.jar;C:\Users\Administrator\.gradle\wrapper\dists\gradle-6.7.1-all\caches\modules-2\files-2.1\org.jetbrains.kotlin\kotlin-daemon-embeddable\1.5.10\d06ad33b62b041dae0609f830c3b48135d53b8bc\kotlin-daemon-embeddable-1.5.10.jar;C:\Users\Administrator\.gradle\wrapper\dists\gradle-6.7.1-all\caches\modules-2\files-2.1\org.jetbrains.intellij.deps\trove4j\1.0.20181211\216c2e14b070f334479d800987affe4054cd563f\trove4j-1.0.20181211.jar;C:\Users\Administrator\.gradle\wrapper\dists\gradle-6.7.1-all\caches\modules-2\files-2.1\org.jetbrains\annotations\13.0\919f0dfe192fb4e063e7dacadee7f8bb9a2672a9\annotations-13.0.jar;C:\Users\Administrator\.gradle\wrapper\dists\gradle-6.7.1-all\caches\modules-2\files-2.1\org.jetbrains.kotlin\kotlin-stdlib-common\1.5.10\6b84d926e28493be69daf673e40076f89492ef7\kotlin-stdlib-common-1.5.10.jar
Launcher Type: SUN_STANDARD

[Global flags]
     intx CICompilerCount                          = 4                                         {product} {ergonomic}
     uint ConcGCThreads                            = 2                                         {product} {ergonomic}
     uint G1ConcRefinementThreads                  = 8                                         {product} {ergonomic}
   size_t G1HeapRegionSize                         = 1048576                                   {product} {ergonomic}
    uintx GCDrainStackTargetSize                   = 64                                        {product} {ergonomic}
   size_t InitialHeapSize                          = 134217728                                 {product} {ergonomic}
   size_t MarkStackSize                            = 4194304                                   {product} {ergonomic}
   size_t MaxHeapSize                              = 2118123520                                {product} {ergonomic}
   size_t MinHeapDeltaBytes                        = 1048576                                   {product} {ergonomic}
    uintx NonNMethodCodeHeapSize                   = 5836300                                {pd product} {ergonomic}
    uintx NonProfiledCodeHeapSize                  = 122910970                              {pd product} {ergonomic}
    uintx ProfiledCodeHeapSize                     = 122910970                              {pd product} {ergonomic}
    uintx ReservedCodeCacheSize                    = 251658240                              {pd product} {ergonomic}
     bool SegmentedCodeCache                       = true                                      {product} {ergonomic}
     bool UseCompressedClassPointers               = true                                 {lp64_product} {ergonomic}
     bool UseCompressedOops                        = true                                 {lp64_product} {ergonomic}
     bool UseG1GC                                  = true                                      {product} {ergonomic}
     bool UseLargePagesIndividualAllocation        = false                                  {pd product} {ergonomic}

Logging:
Log output configuration:
 #0: stdout all=warning uptime,level,tags
 #1: stderr all=off uptime,level,tags

Environment Variables:
JAVA_HOME=C:\Program Files\Java\jdk-16.0.1
CLASSPATH=.;C:\Program Files\Java\jdk-16.0.1\lib\dt.jar;C:\Program Files\Java\jdk-16.0.1\lib\tools.jar
PATH=C:\Program Files\Java\jdk-10.0.1\bin;C:\Program Files\Java\jre-10.0.1\bin;C:\WINDOWS\system32;C:\WINDOWS;C:\WINDOWS\System32\Wbem;C:\WINDOWS\System32\WindowsPowerShell\v1.0\;C:\WINDOWS\System32\OpenSSH\;C:\WINDOWS\system32\config\systemprofile\.dnx\bin;C:\Program Files\Microsoft DNX\Dnvm\;C:\Program Files\Microsoft SQL Server\120\Tools\Binn\;C:\Program Files\Microsoft SQL Server\130\Tools\Binn\;C:\Program Files\dotnet\;C:\Program Files\Microsoft SQL Server\Client SDK\ODBC\170\Tools\Binn\;c:\Program Files (x86)\Microsoft SQL Server\100\Tools\Binn\;c:\Program Files\Microsoft SQL Server\100\Tools\Binn\;c:\Program Files\Microsoft SQL Server\100\DTS\Binn\;C:\Users\Administrator\AppData\Local\Android\Sdk\platform-tools;"C:\Program Files (x86)\GitExtensions\;C:\Program Files\Java\jdk-16.0.1\bin;C:\Program Files\Java\jdk-16.0.1\jre\bin;E:\Android studio4.2.2\apache-tomcat-9.0.48-windows-x64\apache-tomcat-9.0.48\lib;E:\Android studio4.2.2\apache-tomcat-9.0.48-windows-x64\apache-tomcat-9.0.48\bin";C:\Program Files\Git\cmd;C:\Users\Administrator\AppData\Local\Microsoft\WindowsApps;C:\Program Files\Bandizip\
USERNAME=Administrator
OS=Windows_NT
PROCESSOR_IDENTIFIER=Intel64 Family 6 Model 142 Stepping 10, GenuineIntel



---------------  S Y S T E M  ---------------

OS: Windows 10 , 64 bit Build 18362 (10.0.18362.2037)
OS uptime: 13 days 18:56 hours

CPU:total 8 (initial active 8) (4 cores per cpu, 2 threads per core) family 6 model 142 stepping 10, cmov, cx8, fxsr, mmx, sse, sse2, sse3, ssse3, sse4.1, sse4.2, popcnt, avx, avx2, aes, clmul, erms, 3dnowpref, lzcnt, ht, tsc, tscinvbit, bmi1, bmi2, adx, fma

Memory: 4k page, system-wide physical 8074M (343M free)
TotalPageFile size 16821M (AvailPageFile size 55M)
current process WorkingSet (physical memory assigned to process): 10M, peak: 10M
current process commit charge ("private bytes"): 60M, peak: 188M

vm_info: OpenJDK 64-Bit Server VM (11.0.8+10-b944.6842174) for windows-amd64 JRE (11.0.8+10-b944.6842174), built on Sep 19 2020 01:11:42 by "builder" with MS VC++ 14.0 (VS2015)

END.
