#
# There is insufficient memory for the Java Runtime Environment to continue.
# Native memory allocation (mmap) failed to map 134217728 bytes for Failed to commit area from 0x0000000081c00000 to 0x0000000089c00000 of length 134217728.
# Possible reasons:
#   The system is out of physical RAM or swap space
#   The process is running with CompressedOops enabled, and the Java Heap may be blocking the growth of the native heap
# Possible solutions:
#   Reduce memory load on the system
#   Increase physical memory or swap space
#   Check if swap backing store is full
#   Decrease Java heap size (-Xmx/-Xms)
#   Decrease number of Java threads
#   Decrease Java thread stack sizes (-Xss)
#   Set larger code cache with -XX:ReservedCodeCacheSize=
# This output file may be truncated or incomplete.
#
#  Out of Memory Error (./src/hotspot/os/windows/os_windows.cpp:3303), pid=10072, tid=1360
#
# JRE version:  (11.0.8+10) (build )
# Java VM: OpenJDK 64-Bit Server VM (11.0.8+10-b944.6842174, mixed mode, sharing, tiered, compressed oops, g1 gc, windows-amd64)
# No core dump will be written. Minidumps are not enabled by default on client versions of Windows
#

---------------  S U M M A R Y ------------

Command Line: org.jetbrains.kotlin.cli.jvm.K2JVMCompiler -Xallow-no-source-files -classpath D:\Android2\SlideMenuDialog\app\build\intermediates\compile_and_runtime_not_namespaced_r_class_jar\debug\R.jar;C:\Users\Administrator\.gradle\wrapper\dists\gradle-6.7.1-all\caches\transforms-2\files-2.1\4cc00994952e622988d27fc29f350e23\jetified-kotlin-android-extensions-runtime-1.3.50.jar;C:\Users\Administrator\.gradle\wrapper\dists\gradle-6.7.1-all\caches\transforms-2\files-2.1\3e9015bab38fa692f2e3d00726e5b7b5\jetified-kotlin-stdlib-jdk7-1.3.50.jar;C:\Users\Administrator\.gradle\wrapper\dists\gradle-6.7.1-all\caches\transforms-2\files-2.1\197b355c57f35e6a4a68cb4ec58b095d\jetified-core-ktx-1.0.2-api.jar;C:\Users\Administrator\.gradle\wrapper\dists\gradle-6.7.1-all\caches\transforms-2\files-2.1\b71e17173e471fdc3c2119f40a74874a\jetified-kotlin-stdlib-1.3.50.jar;C:\Users\Administrator\.gradle\wrapper\dists\gradle-6.7.1-all\caches\transforms-2\files-2.1\9185370b55dc51825235d2d3c814704b\jetified-kotlin-stdlib-common-1.3.50.jar;C:\Users\Administrator\.gradle\wrapper\dists\gradle-6.7.1-all\caches\transforms-2\files-2.1\5bb011a9c12affbcee1c988b622d6289\jetified-annotations-13.0.jar;C:\Users\Administrator\.gradle\wrapper\dists\gradle-6.7.1-all\caches\transforms-2\files-2.1\5db7e871b17c684a5470904eb6b29182\appcompat-1.1.0-api.jar;C:\Users\Administrator\.gradle\wrapper\dists\gradle-6.7.1-all\caches\transforms-2\files-2.1\9bc7cad9dbc9ba779e492fc18c25e221\fragment-1.1.0-api.jar;C:\Users\Administrator\.gradle\wrapper\dists\gradle-6.7.1-all\caches\transforms-2\files-2.1\f37815ecc591c3b52b482c7d38204ebc\jetified-appcompat-resources-1.1.0-api.jar;C:\Users\Administrator\.gradle\wrapper\dists\gradle-6.7.1-all\caches\transforms-2\files-2.1\948d8fdf3800b30a8828804fd9c351e3\drawerlayout-1.0.0-api.jar;C:\Users\Administrator\.gradle\wrapper\dists\gradle-6.7.1-all\caches\transforms-2\files-2.1\a2980837cc50a74204744786268ac831\viewpager-1.0.0-api.jar;C:\Users\Administrator\.gradle\wrapper\dists\gradle-6.7.1-all\caches\transforms-2\files-2.1\7c67e598c1e83b924c1d14bcc3178dd6\loader-1.0.0-api.jar;C:\Users\Administrator\.gradle\wrapper\dists\gradle-6.7.1-all\caches\transforms-2\files-2.1\c5b606234faa86fedfe19f53885a254f\jetified-activity-1.0.0-api.jar;C:\Users\Administrator\.gradle\wrapper\dists\gradle-6.7.1-all\caches\transforms-2\files-2.1\534eb625eb9d65995931cea4ec67ee26\vectordrawable-animated-1.1.0-api.jar;C:\Users\Administrator\.gradle\wrapper\dists\gradle-6.7.1-all\caches\transforms-2\files-2.1\bcad88714082911e2ec80a06d5059712\vectordrawable-1.1.0-api.jar;C:\Users\Administrator\.gradle\wrapper\dists\gradle-6.7.1-all\caches\transforms-2\files-2.1\5cb2b6dde578e42f0ac4f52f2b61b774\customview-1.0.0-api.jar;C:\Users\Administrator\.gradle\wrapper\dists\gradle-6.7.1-all\caches\transforms-2\files-2.1\b906c5807f9bd1411335e1e0611ace26\core-1.1.0-api.jar;C:\Users\Administrator\.gradle\wrapper\dists\gradle-6.7.1-all\caches\transforms-2\files-2.1\bf3a90f01e63b7151def8b608b9a129b\cursoradapter-1.0.0-api.jar;C:\Users\Administrator\.gradle\wrapper\dists\gradle-6.7.1-all\caches\transforms-2\files-2.1\9a361c14de229fcde580e51ca8c984d9\versionedparcelable-1.1.0-api.jar;C:\Users\Administrator\.gradle\wrapper\dists\gradle-6.7.1-all\caches\modules-2\files-2.1\androidx.collection\collection\1.1.0\1f27220b47669781457de0d600849a5de0e89909\collection-1.1.0.jar;C:\Users\Administrator\.gradle\wrapper\dists\gradle-6.7.1-all\caches\transforms-2\files-2.1\5f5556e5b0493ac0ff3723b4b04c6ee5\lifecycle-viewmodel-2.1.0-api.jar;C:\Users\Administrator\.gradle\wrapper\dists\gradle-6.7.1-all\caches\transforms-2\files-2.1\76a9f4013b879ca86c7b0d90c72d78fc\lifecycle-runtime-2.1.0-api.jar;C:\Users\Administrator\.gradle\wrapper\dists\gradle-6.7.1-all\caches\transforms-2\files-2.1\60ebed90c5afcd68f56f9db54baa9110\jetified-savedstate-1.0.0-api.jar;C:\Users\Administrator\.gradle\wrapper\dists\gradle-6.7.1-all\caches\transforms-2\files-2.1\6b24aee72681d62d071bb1749bd6aefb\interpolator-1.0.0-api.jar;C:\Users\Administrator\.gradle\wrapper\dists\gradle-6.7.1-all\caches\transforms-2\files-2.1\de09ea10379f53c91ec64fb677f35f43\lifecycle-livedata-2.0.0-api.jar;C:\Users\Administrator\.gradle\wrapper\dists\gradle-6.7.1-all\caches\transforms-2\files-2.1\0c8469cda2d3d5972effef470e7e5ab5\lifecycle-livedata-core-2.0.0-api.jar;C:\Users\Administrator\.gradle\wrapper\dists\gradle-6.7.1-all\caches\transforms-2\files-2.1\4305171b93150d28fb723ec2c66b6e35\core-runtime-2.0.0-api.jar;C:\Users\Administrator\.gradle\wrapper\dists\gradle-6.7.1-all\caches\modules-2\files-2.1\androidx.arch.core\core-common\2.1.0\b3152fc64428c9354344bd89848ecddc09b6f07e\core-common-2.1.0.jar;C:\Users\Administrator\.gradle\wrapper\dists\gradle-6.7.1-all\caches\modules-2\files-2.1\androidx.lifecycle\lifecycle-common\2.1.0\c67e7807d9cd6c329b9d0218b2ec4e505dd340b7\lifecycle-common-2.1.0.jar;C:\Users\Administrator\.gradle\wrapper\dists\gradle-6.7.1-all\caches\modules-2\files-2.1\androidx.annotation\annotation\1.1.0\e3a6fb2f40e3a3842e6b7472628ba4ce416ea4c8\annotation-1.1.0.jar;C:\Users\Administrator\.gradle\wrapper\dists\gradle-6.7.1-all\caches\transforms-2\files-2.1\2694be6ec90195ce9fbdeee42c97569a\constraintlayout-1.1.3-api.jar;C:\Users\Administrator\.gradle\wrapper\dists\gradle-6.7.1-all\caches\modules-2\files-2.1\androidx.constraintlayout\constraintlayout-solver\1.1.3\54abe9ffb22cc9019b0b6fcc10f185cc4e67b34e\constraintlayout-solver-1.1.3.jar;C:\Users\Administrator\AppData\Local\Android\Sdk\platforms\android-29\android.jar;C:\Users\Administrator\AppData\Local\Android\Sdk\build-tools\30.0.2\core-lambda-stubs.jar -d D:\Android2\SlideMenuDialog\app\build\tmp\kotlin-classes\debug -Xjava-source-roots=D:\Android2\SlideMenuDialog\app\src\main\java,D:\Android2\SlideMenuDialog\app\build\generated\source\buildConfig\debug -module-name app_debug -no-jdk -no-reflect -no-stdlib -Xcommon-sources=D:\Android2\SlideMenuDialog\app\src\main\java\com\ufi\pdioms\ztkotlin\adapter\ListViewAdapter.kt,D:\Android2\SlideMenuDialog\app\src\main\java\com\ufi\pdioms\ztkotlin\MainActivity.kt,D:\Android2\SlideMenuDialog\app\src\main\java\com\ufi\pdioms\ztkotlin\model\TestModel.java -Xplugin=C:\Users\Administrator\.gradle\wrapper\dists\gradle-6.7.1-all\caches\modules-2\files-2.1\org.jetbrains.intellij.deps\trove4j\1.0.20181211\216c2e14b070f334479d800987affe4054cd563f\trove4j-1.0.20181211.jar,C:\Users\Administrator\.gradle\wrapper\dists\gradle-6.7.1-all\caches\modules-2\files-2.1\org.jetbrains.kotlin\kotlin-android-extensions\1.3.50\f16428b9ce307d0f5842bd8ed9af1e43a141edd3\kotlin-android-extensions-1.3.50.jar,C:\Users\Administrator\.gradle\wrapper\dists\gradle-6.7.1-all\caches\modules-2\files-2.1\org.jetbrains.kotlin\kotlin-compiler-embeddable\1.3.50\1251c1768e5769b06c2487d6f6cf8acf6efb8960\kotlin-compiler-embeddable-1.3.50.jar,C:\Users\Administrator\.gradle\wrapper\dists\gradle-6.7.1-all\caches\modules-2\files-2.1\org.jetbrains.kotlin\kotlin-daemon-embeddable\1.3.50\5cb93bb33f4c6f833ead0beca4c831668e00cf52\kotlin-daemon-embeddable-1.3.50.jar,C:\Users\Administrator\.gradle\wrapper\dists\gradle-6.7.1-all\caches\modules-2\files-2.1\org.jetbrains.kotlin\kotlin-reflect\1.3.50\b499f22fd7c3e9c2e5b6c4005221fa47fc7f9a7a\kotlin-reflect-1.3.50.jar,C:\Users\Administrator\.gradle\wrapper\dists\gradle-6.7.1-all\caches\modules-2\files-2.1\org.jetbrains.kotlin\kotlin-script-runtime\1.3.50\59492b8dfb92522ba0ddb5dd1c4d0ef0a4fca1af\kotlin-script-runtime-1.3.50.jar,C:\Users\Administrator\.gradle\wrapper\dists\gradle-6.7.1-all\caches\modules-2\files-2.1\org.jetbrains.kotlin\kotlin-stdlib-common\1.3.50\3d9cd3e1bc7b92e95f43d45be3bfbcf38e36ab87\kotlin-stdlib-common-1.3.50.jar,C:\Users\Administrator\.gradle\wrapper\dists\gradle-6.7.1-all\caches\modules-2\files-2.1\org.jetbrains.kotlin\kotlin-stdlib\1.3.50\b529d1738c7e98bbfa36a4134039528f2ce78ebf\kotlin-stdlib-1.3.50.jar,C:\Users\Administrator\.gradle\wrapper\dists\gradle-6.7.1-all\caches\modules-2\files-2.1\org.jetbrains\annotations\13.0\919f0dfe192fb4e063e7dacadee7f8bb9a2672a9\annotations-13.0.jar -P plugin:org.jetbrains.kotlin.android:configuration=rO0ABXeJAAAAAwAIZmVhdHVyZXMAAAABAA92aWV3cyxwYXJjZWxpemUAB3BhY2thZ2UAAAABABdjb20udWZpLnBkaW9tcy56dGtvdGxpbgAHdmFyaWFudAAAAAEAMW1haW47RDpcQW5kcm9pZDJcU2xpZGVNZW51RGlhbG9nXGFwcFxzcmNcbWFpblxyZXM= D:\Android2\SlideMenuDialog\app\src\main\java\com\ufi\pdioms\ztkotlin\adapter\ListViewAdapter.kt D:\Android2\SlideMenuDialog\app\src\main\java\com\ufi\pdioms\ztkotlin\MainActivity.kt

Host: Intel(R) Core(TM) i7-8550U CPU @ 1.80GHz, 8 cores, 7G,  Windows 10 , 64 bit Build 18362 (10.0.18362.2037)
Time: Wed Mar 30 14:29:51 2022 ?D1¨²¡À¨º¡Á?¨º¡À?? elapsed time: 0 seconds (0d 0h 0m 0s)

---------------  T H R E A D  ---------------

Current thread (0x000001e68fac2800):  JavaThread "Unknown thread" [_thread_in_vm, id=1360, stack(0x00000022af000000,0x00000022af100000)]

Stack: [0x00000022af000000,0x00000022af100000]
Native frames: (J=compiled Java code, j=interpreted, Vv=VM code, C=native code)
V  [jvm.dll+0x5de50a]
V  [jvm.dll+0x7122f5]
V  [jvm.dll+0x71384d]
V  [jvm.dll+0x713f03]
V  [jvm.dll+0x23e728]
V  [jvm.dll+0x5db9a4]
V  [jvm.dll+0x5d0ae5]
V  [jvm.dll+0x2fb20b]
V  [jvm.dll+0x2fb17a]
V  [jvm.dll+0x2fb052]
V  [jvm.dll+0x2fff16]
V  [jvm.dll+0x348743]
V  [jvm.dll+0x348e46]
V  [jvm.dll+0x348843]
V  [jvm.dll+0x2d5d68]
V  [jvm.dll+0x2d6f07]
V  [jvm.dll+0x6f11f7]
V  [jvm.dll+0x6f29ec]
V  [jvm.dll+0x355cb9]
V  [jvm.dll+0x6d4ade]
V  [jvm.dll+0x3bdfe3]
V  [jvm.dll+0x3c0201]
C  [jli.dll+0x5373]
C  [ucrtbase.dll+0x210b2]
C  [KERNEL32.DLL+0x17c24]
C  [ntdll.dll+0x6d721]


---------------  P R O C E S S  ---------------

Threads class SMR info:
_java_thread_list=0x000001e68d8e3bf0, length=0, elements={
}

Java Threads: ( => current thread )

Other Threads:
  0x000001e68fad9000 GCTaskThread "GC Thread#0" [stack: 0x00000022af100000,0x00000022af200000] [id=17364]
  0x000001e68fb08000 ConcurrentGCThread "G1 Main Marker" [stack: 0x00000022af200000,0x00000022af300000] [id=13936]
  0x000001e68fb0b800 ConcurrentGCThread "G1 Conc#0" [stack: 0x00000022af300000,0x00000022af400000] [id=6212]

[error occurred during error reporting (printing all threads), id 0xc0000005, EXCEPTION_ACCESS_VIOLATION (0xc0000005) at pc=0x00007ff908dc6357]

VM state:not at safepoint (not fully initialized)

VM Mutex/Monitor currently owned by a thread:  ([mutex/lock_event])
[0x000001e68fabe5a0] Heap_lock - owner thread: 0x000001e68fac2800

Heap address: 0x0000000081c00000, size: 2020 MB, Compressed Oops mode: Non-zero based: 0x0000000081c00000
Narrow klass base: 0x0000000000000000, Narrow klass shift: 0

GC Heap History (0 events):
No events

Deoptimization events (0 events):
No events

Classes redefined (0 events):
No events

Internal exceptions (0 events):
No events

Events (1 events):
Event: 0.008 Loaded shared library C:\Program Files\Android\Android Studio\jre\bin\zip.dll


Dynamic libraries:
0x00007ff7bd860000 - 0x00007ff7bd86a000 	C:\Program Files\Android\Android Studio\jre\bin\java.exe
0x00007ff95a1e0000 - 0x00007ff95a3d0000 	C:\WINDOWS\SYSTEM32\ntdll.dll
0x00007ff958340000 - 0x00007ff9583f3000 	C:\WINDOWS\System32\KERNEL32.DLL
0x00007ff957960000 - 0x00007ff957c05000 	C:\WINDOWS\System32\KERNELBASE.dll
0x00007ff957cc0000 - 0x00007ff957dba000 	C:\WINDOWS\System32\ucrtbase.dll
0x00007ff951520000 - 0x00007ff951539000 	C:\Program Files\Android\Android Studio\jre\bin\jli.dll
0x00007ff951400000 - 0x00007ff951417000 	C:\Program Files\Android\Android Studio\jre\bin\VCRUNTIME140.dll
0x00007ff95a000000 - 0x00007ff95a194000 	C:\WINDOWS\System32\USER32.dll
0x00007ff958170000 - 0x00007ff958191000 	C:\WINDOWS\System32\win32u.dll
0x00007ff94c5b0000 - 0x00007ff94c834000 	C:\WINDOWS\WinSxS\amd64_microsoft.windows.common-controls_6595b64144ccf1df_6.0.18362.2037_none_9e7c226de460245a\COMCTL32.dll
0x00007ff958280000 - 0x00007ff9582a6000 	C:\WINDOWS\System32\GDI32.dll
0x00007ff959740000 - 0x00007ff9597de000 	C:\WINDOWS\System32\msvcrt.dll
0x00007ff957fd0000 - 0x00007ff958168000 	C:\WINDOWS\System32\gdi32full.dll
0x00007ff957f10000 - 0x00007ff957fae000 	C:\WINDOWS\System32\msvcp_win.dll
0x00007ff959c60000 - 0x00007ff959f96000 	C:\WINDOWS\System32\combase.dll
0x00007ff958e20000 - 0x00007ff958f3b000 	C:\WINDOWS\System32\RPCRT4.dll
0x00007ff9578d0000 - 0x00007ff957954000 	C:\WINDOWS\System32\bcryptPrimitives.dll
0x00007ff958890000 - 0x00007ff9588be000 	C:\WINDOWS\System32\IMM32.DLL
0x00007ff946f40000 - 0x00007ff946fdd000 	C:\Program Files\Android\Android Studio\jre\bin\msvcp140.dll
0x00007ff908ae0000 - 0x00007ff90959c000 	C:\Program Files\Android\Android Studio\jre\bin\server\jvm.dll
0x00007ff958a70000 - 0x00007ff958b15000 	C:\WINDOWS\System32\ADVAPI32.dll
0x00007ff959940000 - 0x00007ff9599d8000 	C:\WINDOWS\System32\sechost.dll
0x00007ff958cc0000 - 0x00007ff958cc8000 	C:\WINDOWS\System32\PSAPI.DLL
0x00007ff955b90000 - 0x00007ff955b99000 	C:\WINDOWS\SYSTEM32\WSOCK32.dll
0x00007ff954d30000 - 0x00007ff954d54000 	C:\WINDOWS\SYSTEM32\WINMM.dll
0x00007ff950fb0000 - 0x00007ff950fba000 	C:\WINDOWS\SYSTEM32\VERSION.dll
0x00007ff959bf0000 - 0x00007ff959c5f000 	C:\WINDOWS\System32\WS2_32.dll
0x00007ff954c00000 - 0x00007ff954c2d000 	C:\WINDOWS\SYSTEM32\WINMMBASE.dll
0x00007ff957c70000 - 0x00007ff957cba000 	C:\WINDOWS\System32\cfgmgr32.dll
0x00007ff9570a0000 - 0x00007ff9570b1000 	C:\WINDOWS\System32\kernel.appcore.dll
0x00007ff952450000 - 0x00007ff952461000 	C:\Program Files\Android\Android Studio\jre\bin\verify.dll
0x00007ff941e70000 - 0x00007ff942064000 	C:\WINDOWS\SYSTEM32\DBGHELP.DLL
0x00007ff941d10000 - 0x00007ff941d3a000 	C:\WINDOWS\SYSTEM32\dbgcore.DLL
0x00007ff952050000 - 0x00007ff952079000 	C:\Program Files\Android\Android Studio\jre\bin\java.dll
0x00007ff952440000 - 0x00007ff95244b000 	C:\Program Files\Android\Android Studio\jre\bin\jimage.dll
0x00007ff9517c0000 - 0x00007ff9517d8000 	C:\Program Files\Android\Android Studio\jre\bin\zip.dll

dbghelp: loaded successfully - version: 4.0.5 - missing functions: none
symbol engine: initialized successfully - sym options: 0x614 - pdb path: .;C:\Program Files\Android\Android Studio\jre\bin;C:\WINDOWS\SYSTEM32;C:\WINDOWS\WinSxS\amd64_microsoft.windows.common-controls_6595b64144ccf1df_6.0.18362.2037_none_9e7c226de460245a;C:\Program Files\Android\Android Studio\jre\bin\server

VM Arguments:
java_command: org.jetbrains.kotlin.cli.jvm.K2JVMCompiler -Xallow-no-source-files -classpath D:\Android2\SlideMenuDialog\app\build\intermediates\compile_and_runtime_not_namespaced_r_class_jar\debug\R.jar;C:\Users\Administrator\.gradle\wrapper\dists\gradle-6.7.1-all\caches\transforms-2\files-2.1\4cc00994952e622988d27fc29f350e23\jetified-kotlin-android-extensions-runtime-1.3.50.jar;C:\Users\Administrator\.gradle\wrapper\dists\gradle-6.7.1-all\caches\transforms-2\files-2.1\3e9015bab38fa692f2e3d00726e5b7b5\jetified-kotlin-stdlib-jdk7-1.3.50.jar;C:\Users\Administrator\.gradle\wrapper\dists\gradle-6.7.1-all\caches\transforms-2\files-2.1\197b355c57f35e6a4a68cb4ec58b095d\jetified-core-ktx-1.0.2-api.jar;C:\Users\Administrator\.gradle\wrapper\dists\gradle-6.7.1-all\caches\transforms-2\files-2.1\b71e17173e471fdc3c2119f40a74874a\jetified-kotlin-stdlib-1.3.50.jar;C:\Users\Administrator\.gradle\wrapper\dists\gradle-6.7.1-all\caches\transforms-2\files-2.1\9185370b55dc51825235d2d3c814704b\jetified-kotlin-stdlib-common-1.3.50.jar;C:\Users\Administrator\.gradle\wrapper\dists\gradle-6.7.1-all\caches\transforms-2\files-2.1\5bb011a9c12affbcee1c988b622d6289\jetified-annotations-13.0.jar;C:\Users\Administrator\.gradle\wrapper\dists\gradle-6.7.1-all\caches\transforms-2\files-2.1\5db7e871b17c684a5470904eb6b29182\appcompat-1.1.0-api.jar;C:\Users\Administrator\.gradle\wrapper\dists\gradle-6.7.1-all\caches\transforms-2\files-2.1\9bc7cad9dbc9ba779e492fc18c25e221\fragment-1.1.0-api.jar;C:\Users\Administrator\.gradle\wrapper\dists\gradle-6.7.1-all\caches\transforms-2\files-2.1\f37815ecc591c3b52b482c7d38204ebc\jetified-appcompat-resources-1.1.0-api.jar;C:\Users\Administrator\.gradle\wrapper\dists\gradle-6.7.1-all\caches\transforms-2\files-2.1\948d8fdf3800b30a8828804fd9c351e3\drawerlayout-1.0.0-api.jar;C:\Users\Administrator\.gradle\wrapper\dists\gradle-6.7.1-all\caches\transforms-2\files-2.1\a2980837cc50a74204744786268ac831\viewpager-1.0.0-api.jar;C:\Users\Administrator\.gradle\wrapper\dists\grad
java_class_path (initial): C:\Users\Administrator\.gradle\wrapper\dists\gradle-6.7.1-all\caches\modules-2\files-2.1\org.jetbrains.kotlin\kotlin-compiler-embeddable\1.3.50\1251c1768e5769b06c2487d6f6cf8acf6efb8960\kotlin-compiler-embeddable-1.3.50.jar;C:\Users\Administrator\.gradle\wrapper\dists\gradle-6.7.1-all\caches\modules-2\files-2.1\org.jetbrains.kotlin\kotlin-reflect\1.3.50\b499f22fd7c3e9c2e5b6c4005221fa47fc7f9a7a\kotlin-reflect-1.3.50.jar;C:\Users\Administrator\.gradle\wrapper\dists\gradle-6.7.1-all\caches\modules-2\files-2.1\org.jetbrains.kotlin\kotlin-stdlib\1.3.50\b529d1738c7e98bbfa36a4134039528f2ce78ebf\kotlin-stdlib-1.3.50.jar;C:\Users\Administrator\.gradle\wrapper\dists\gradle-6.7.1-all\caches\modules-2\files-2.1\org.jetbrains.kotlin\kotlin-script-runtime\1.3.50\59492b8dfb92522ba0ddb5dd1c4d0ef0a4fca1af\kotlin-script-runtime-1.3.50.jar;C:\Users\Administrator\.gradle\wrapper\dists\gradle-6.7.1-all\caches\modules-2\files-2.1\org.jetbrains.kotlin\kotlin-daemon-embeddable\1.3.50\5cb93bb33f4c6f833ead0beca4c831668e00cf52\kotlin-daemon-embeddable-1.3.50.jar;C:\Users\Administrator\.gradle\wrapper\dists\gradle-6.7.1-all\caches\modules-2\files-2.1\org.jetbrains.intellij.deps\trove4j\1.0.20181211\216c2e14b070f334479d800987affe4054cd563f\trove4j-1.0.20181211.jar;C:\Users\Administrator\.gradle\wrapper\dists\gradle-6.7.1-all\caches\modules-2\files-2.1\org.jetbrains.kotlin\kotlin-stdlib-common\1.3.50\3d9cd3e1bc7b92e95f43d45be3bfbcf38e36ab87\kotlin-stdlib-common-1.3.50.jar;C:\Users\Administrator\.gradle\wrapper\dists\gradle-6.7.1-all\caches\modules-2\files-2.1\org.jetbrains\annotations\13.0\919f0dfe192fb4e063e7dacadee7f8bb9a2672a9\annotations-13.0.jar
Launcher Type: SUN_STANDARD

[Global flags]
     intx CICompilerCount                          = 4                                         {product} {ergonomic}
     uint ConcGCThreads                            = 2                                         {product} {ergonomic}
     uint G1ConcRefinementThreads                  = 8                                         {product} {ergonomic}
   size_t G1HeapRegionSize                         = 1048576                                   {product} {ergonomic}
    uintx GCDrainStackTargetSize                   = 64                                        {product} {ergonomic}
   size_t InitialHeapSize                          = 134217728                                 {product} {ergonomic}
   size_t MarkStackSize                            = 4194304                                   {product} {ergonomic}
   size_t MaxHeapSize                              = 2118123520                                {product} {ergonomic}
   size_t MinHeapDeltaBytes                        = 1048576                                   {product} {ergonomic}
    uintx NonNMethodCodeHeapSize                   = 5836300                                {pd product} {ergonomic}
    uintx NonProfiledCodeHeapSize                  = 122910970                              {pd product} {ergonomic}
    uintx ProfiledCodeHeapSize                     = 122910970                              {pd product} {ergonomic}
    uintx ReservedCodeCacheSize                    = 251658240                              {pd product} {ergonomic}
     bool SegmentedCodeCache                       = true                                      {product} {ergonomic}
     bool UseCompressedClassPointers               = true                                 {lp64_product} {ergonomic}
     bool UseCompressedOops                        = true                                 {lp64_product} {ergonomic}
     bool UseG1GC                                  = true                                      {product} {ergonomic}
     bool UseLargePagesIndividualAllocation        = false                                  {pd product} {ergonomic}

Logging:
Log output configuration:
 #0: stdout all=warning uptime,level,tags
 #1: stderr all=off uptime,level,tags

Environment Variables:
JAVA_HOME=C:\Program Files\Java\jdk-16.0.1
CLASSPATH=.;C:\Program Files\Java\jdk-16.0.1\lib\dt.jar;C:\Program Files\Java\jdk-16.0.1\lib\tools.jar
PATH=C:\Program Files\Java\jdk-10.0.1\bin;C:\Program Files\Java\jre-10.0.1\bin;C:\WINDOWS\system32;C:\WINDOWS;C:\WINDOWS\System32\Wbem;C:\WINDOWS\System32\WindowsPowerShell\v1.0\;C:\WINDOWS\System32\OpenSSH\;C:\WINDOWS\system32\config\systemprofile\.dnx\bin;C:\Program Files\Microsoft DNX\Dnvm\;C:\Program Files\Microsoft SQL Server\120\Tools\Binn\;C:\Program Files\Microsoft SQL Server\130\Tools\Binn\;C:\Program Files\dotnet\;C:\Program Files\Microsoft SQL Server\Client SDK\ODBC\170\Tools\Binn\;c:\Program Files (x86)\Microsoft SQL Server\100\Tools\Binn\;c:\Program Files\Microsoft SQL Server\100\Tools\Binn\;c:\Program Files\Microsoft SQL Server\100\DTS\Binn\;C:\Users\Administrator\AppData\Local\Android\Sdk\platform-tools;"C:\Program Files (x86)\GitExtensions\;C:\Program Files\Java\jdk-16.0.1\bin;C:\Program Files\Java\jdk-16.0.1\jre\bin;E:\Android studio4.2.2\apache-tomcat-9.0.48-windows-x64\apache-tomcat-9.0.48\lib;E:\Android studio4.2.2\apache-tomcat-9.0.48-windows-x64\apache-tomcat-9.0.48\bin";C:\Program Files\Git\cmd;C:\Users\Administrator\AppData\Local\Microsoft\WindowsApps;C:\Program Files\Bandizip\
USERNAME=Administrator
OS=Windows_NT
PROCESSOR_IDENTIFIER=Intel64 Family 6 Model 142 Stepping 10, GenuineIntel



---------------  S Y S T E M  ---------------

OS: Windows 10 , 64 bit Build 18362 (10.0.18362.2037)
OS uptime: 13 days 18:57 hours

CPU:total 8 (initial active 8) (4 cores per cpu, 2 threads per core) family 6 model 142 stepping 10, cmov, cx8, fxsr, mmx, sse, sse2, sse3, ssse3, sse4.1, sse4.2, popcnt, avx, avx2, aes, clmul, erms, 3dnowpref, lzcnt, ht, tsc, tscinvbit, bmi1, bmi2, adx, fma

Memory: 4k page, system-wide physical 8074M (489M free)
TotalPageFile size 16821M (AvailPageFile size 88M)
current process WorkingSet (physical memory assigned to process): 10M, peak: 10M
current process commit charge ("private bytes"): 60M, peak: 188M

vm_info: OpenJDK 64-Bit Server VM (11.0.8+10-b944.6842174) for windows-amd64 JRE (11.0.8+10-b944.6842174), built on Sep 19 2020 01:11:42 by "builder" with MS VC++ 14.0 (VS2015)

END.
